<?xml version="1.0" encoding="UTF-8"?>
<!-- Generated by org.testng.reporters.JUnitXMLReporter -->
<testsuite ignored="7" hostname="DESKTOP-25DU9HG" failures="1" tests="19" name="Test" time="55.822" errors="0"
           timestamp="2024-01-19T16:28:56 EET">
    <testcase classname="Testing.FirstPageTesting" name="openLoginAndRigistrationPage" time="0.998"/>
    <testcase classname="Testing.NewUserSignUpTesting" name="enteringNewUser" time="0.665"/>
    <testcase classname="Testing.NewUserSignUpTesting" name="enteringSignUpData" time="10.386"/>
    <testcase classname="Testing.FirstPageTesting" name="loggingOut" time="1.117"/>
    <testcase classname="Testing.LoginTesting" name="signinWithWrongCredentials" time="0.63"/>
    <testcase classname="Testing.LoginTesting" name="signinWithCorrectCredentials" time="4.635"/>
    <testcase classname="Testing.FirstPageTesting" name="openContactingUsPage" time="1.318"/>
    <testcase classname="Testing.ContactUsTesting" name="ContactingUsTesting" time="5.308"/>
    <testcase classname="Testing.PDPTesting" name="openPDPForTheFirstItem" time="0.695"/>
    <testcase classname="Testing.PDPTesting" name="nameIsVisable" time="0.028"/>
    <testcase classname="Testing.PDPTesting" name="categoryIsVisable" time="0.021"/>
    <testcase classname="Testing.PDPTesting" name="priceIsVisable" time="0.02"/>
    <testcase classname="Testing.PDPTesting" name="availabilityIsVisable" time="0.025"/>
    <testcase classname="Testing.PDPTesting" name="conditionIsVisable" time="0.022"/>
    <testcase classname="Testing.PDPTesting" name="brandIsVisable" time="0.023"/>
    <testcase classname="Testing.PDPTesting" name="addingItemToTheCart" time="0.649"/>
    <testcase classname="Testing.PDPTesting" name="addingToCartAndGoToCart" time="1.753"/>
    <testcase classname="Testing.PLPTesting" name="searchTesting" time="6.649"/>
    <testcase classname="Testing.PLPTesting" name="addingElementsToTheCart" time="5.387">
        <failure type="org.openqa.selenium.InvalidSelectorException" message="invalid selector: An invalid or illegal selector was specified
  (Session info: chrome=120.0.6099.218)
For documentation on this error, please visit: https://www.selenium.dev/documentation/webdriver/troubleshooting/errors#invalid-selector-exception
Build info: version: &amp;apos;4.16.1&amp;apos;, revision: &amp;apos;9b4c83354e&amp;apos;
System info: os.name: &amp;apos;Windows 11&amp;apos;, os.arch: &amp;apos;amd64&amp;apos;, os.version: &amp;apos;10.0&amp;apos;, java.version: &amp;apos;21.0.2&amp;apos;
Driver info: org.openqa.selenium.chrome.ChromeDriver
Command: [6c965aa485582ca0679b4a59df760598, findElement {using=css selector, value=/html/body/section[2]/div/div/div[2]/div/div[2]/div/div[1]/div[1]}]
Capabilities {acceptInsecureCerts: false, browserName: chrome, browserVersion: 120.0.6099.218, chrome: {chromedriverVersion: 120.0.6099.109 (3419140ab66..., userDataDir: C:\Users\moham\AppData\Loca...}, fedcm:accounts: true, goog:chromeOptions: {debuggerAddress: localhost:49161}, networkConnectionEnabled: false, pageLoadStrategy: normal, platformName: windows, proxy: Proxy(), se:cdp: ws://localhost:49161/devtoo..., se:cdpVersion: 120.0.6099.218, setWindowRect: true, strictFileInteractability: false, timeouts: {implicit: 0, pageLoad: 300000, script: 30000}, unhandledPromptBehavior: dismiss and notify, webauthn:extension:credBlob: true, webauthn:extension:largeBlob: true, webauthn:extension:minPinLength: true, webauthn:extension:prf: true, webauthn:virtualAuthenticators: true}
Session ID: 6c965aa485582ca0679b4a59df760598">
            <![CDATA[org.openqa.selenium.InvalidSelectorException: invalid selector: An invalid or illegal selector was specified
  (Session info: chrome=120.0.6099.218)
For documentation on this error, please visit: https://www.selenium.dev/documentation/webdriver/troubleshooting/errors#invalid-selector-exception
Build info: version: '4.16.1', revision: '9b4c83354e'
System info: os.name: 'Windows 11', os.arch: 'amd64', os.version: '10.0', java.version: '21.0.2'
Driver info: org.openqa.selenium.chrome.ChromeDriver
Command: [6c965aa485582ca0679b4a59df760598, findElement {using=css selector, value=/html/body/section[2]/div/div/div[2]/div/div[2]/div/div[1]/div[1]}]
Capabilities {acceptInsecureCerts: false, browserName: chrome, browserVersion: 120.0.6099.218, chrome: {chromedriverVersion: 120.0.6099.109 (3419140ab66..., userDataDir: C:\Users\moham\AppData\Loca...}, fedcm:accounts: true, goog:chromeOptions: {debuggerAddress: localhost:49161}, networkConnectionEnabled: false, pageLoadStrategy: normal, platformName: windows, proxy: Proxy(), se:cdp: ws://localhost:49161/devtoo..., se:cdpVersion: 120.0.6099.218, setWindowRect: true, strictFileInteractability: false, timeouts: {implicit: 0, pageLoad: 300000, script: 30000}, unhandledPromptBehavior: dismiss and notify, webauthn:extension:credBlob: true, webauthn:extension:largeBlob: true, webauthn:extension:minPinLength: true, webauthn:extension:prf: true, webauthn:virtualAuthenticators: true}
Session ID: 6c965aa485582ca0679b4a59df760598
at org.openqa.selenium.remote.codec.w3c.W3CHttpResponseCodec.createException(W3CHttpResponseCodec.java:200)
at org.openqa.selenium.remote.codec.w3c.W3CHttpResponseCodec.decode(W3CHttpResponseCodec.java:133)
at org.openqa.selenium.remote.codec.w3c.W3CHttpResponseCodec.decode(W3CHttpResponseCodec.java:52)
at org.openqa.selenium.remote.HttpCommandExecutor.execute(HttpCommandExecutor.java:191)
at org.openqa.selenium.remote.service.DriverCommandExecutor.invokeExecute(DriverCommandExecutor.java:200)
at org.openqa.selenium.remote.service.DriverCommandExecutor.execute(DriverCommandExecutor.java:175)
at org.openqa.selenium.remote.RemoteWebDriver.execute(RemoteWebDriver.java:523)
at org.openqa.selenium.remote.ElementLocation$ElementFinder$2.findElement(ElementLocation.java:165)
at org.openqa.selenium.remote.ElementLocation.findElement(ElementLocation.java:59)
at org.openqa.selenium.remote.RemoteWebDriver.findElement(RemoteWebDriver.java:360)
at org.openqa.selenium.remote.RemoteWebDriver.findElement(RemoteWebDriver.java:354)
at POM.PLP.hoverOverOnItem(PLP.java:19)
at Testing.PLPTesting.addingElementsToTheCart(PLPTesting.java:33)
at java.base/java.util.ArrayList.forEach(ArrayList.java:1596)
at com.intellij.rt.testng.IDEARemoteTestNG.run(IDEARemoteTestNG.java:66)
at com.intellij.rt.testng.RemoteTestNGStarter.main(RemoteTestNGStarter.java:105)
... Removed 25 stack frames]]>
        </failure>
    </testcase> <!-- addingElementsToTheCart -->
    <testcase classname="POM.BaseClass" name="@BeforeTest setUp" time="0.0">
        <ignored/>
    </testcase> <!-- @BeforeTest setUp -->
    <testcase classname="POM.BaseClass" name="@BeforeTest setUp" time="0.0">
        <ignored/>
    </testcase> <!-- @BeforeTest setUp -->
    <testcase classname="POM.BaseClass" name="@BeforeTest setUp" time="0.0">
        <ignored/>
    </testcase> <!-- @BeforeTest setUp -->
    <testcase classname="POM.BaseClass" name="@BeforeTest setUp" time="0.0">
        <ignored/>
    </testcase> <!-- @BeforeTest setUp -->
    <testcase classname="Testing.FirstPageTesting" name="openProductsPageTesting" time="0.0">
        <ignored/>
    </testcase> <!-- openProductsPageTesting -->
    <testcase classname="POM.BaseClass" name="@BeforeTest setUp" time="0.0">
        <ignored/>
    </testcase> <!-- @BeforeTest setUp -->
    <testcase classname="Testing.FirstPageTesting" name="openTestCases" time="0.0">
        <ignored/>
    </testcase> <!-- openTestCases -->
</testsuite> <!-- Test -->
